Using pre-set license
Built from '2021.3/staging' branch; Version is '2021.3.11f1 (0a5ca18544bf) revision 679073'; Using compiler version '192829333'; Build Type 'Release'
OS: 'Windows 11  (10.0.22621) 64bit Professional' Language: 'zh' Physical Memory: 32577 MB
BatchMode: 1, IsHumanControllingUs: 0, StartBugReporterOnCrash: 0, Is64bit: 1, IsPro: 1

COMMAND LINE ARGUMENTS:
D:\Program Files\Unity 2021.3.11f1\Editor\Unity.exe
-adb2
-batchMode
-noUpm
-name
AssetImportWorker0
-projectPath
E:/LiChangLong/LearnURP
-logFile
Logs/AssetImportWorker0.log
-srvPort
50112
Successfully changed project path to: E:/LiChangLong/LearnURP
E:/LiChangLong/LearnURP
[UnityMemory] Configuration Parameters - Can be set up in boot.config
    "memorysetup-bucket-allocator-granularity=16"
    "memorysetup-bucket-allocator-bucket-count=8"
    "memorysetup-bucket-allocator-block-size=33554432"
    "memorysetup-bucket-allocator-block-count=8"
    "memorysetup-main-allocator-block-size=16777216"
    "memorysetup-thread-allocator-block-size=16777216"
    "memorysetup-gfx-main-allocator-block-size=16777216"
    "memorysetup-gfx-thread-allocator-block-size=16777216"
    "memorysetup-cache-allocator-block-size=4194304"
    "memorysetup-typetree-allocator-block-size=2097152"
    "memorysetup-profiler-bucket-allocator-granularity=16"
    "memorysetup-profiler-bucket-allocator-bucket-count=8"
    "memorysetup-profiler-bucket-allocator-block-size=33554432"
    "memorysetup-profiler-bucket-allocator-block-count=8"
    "memorysetup-profiler-allocator-block-size=16777216"
    "memorysetup-profiler-editor-allocator-block-size=1048576"
    "memorysetup-temp-allocator-size-main=16777216"
    "memorysetup-job-temp-allocator-block-size=2097152"
    "memorysetup-job-temp-allocator-block-size-background=1048576"
    "memorysetup-job-temp-allocator-reduction-small-platforms=262144"
    "memorysetup-temp-allocator-size-background-worker=32768"
    "memorysetup-temp-allocator-size-job-worker=262144"
    "memorysetup-temp-allocator-size-preload-manager=33554432"
    "memorysetup-temp-allocator-size-nav-mesh-worker=65536"
    "memorysetup-temp-allocator-size-audio-worker=65536"
    "memorysetup-temp-allocator-size-cloud-worker=32768"
    "memorysetup-temp-allocator-size-gi-baking-worker=262144"
    "memorysetup-temp-allocator-size-gfx=262144"
Refreshing native plugins compatible for Editor in 48.84 ms, found 2 plugins.
Preloading 0 native plugins for Editor in 0.00 ms.
Initialize engine version: 2021.3.11f1 (0a5ca18544bf)
[Subsystems] Discovering subsystems at path D:/Program Files/Unity 2021.3.11f1/Editor/Data/Resources/UnitySubsystems
[Subsystems] Discovering subsystems at path E:/LiChangLong/LearnURP/Assets
GfxDevice: creating device client; threaded=0; jobified=0
Direct3D:
    Version:  Direct3D 11.0 [level 11.1]
    Renderer: NVIDIA GeForce RTX 4070 Ti (ID=0x2782)
    Vendor:   NVIDIA
    VRAM:     12010 MB
    Driver:   31.0.15.2849
Initialize mono
Mono path[0] = 'D:/Program Files/Unity 2021.3.11f1/Editor/Data/Managed'
Mono path[1] = 'D:/Program Files/Unity 2021.3.11f1/Editor/Data/MonoBleedingEdge/lib/mono/unityjit-win32'
Mono config path = 'D:/Program Files/Unity 2021.3.11f1/Editor/Data/MonoBleedingEdge/etc'
Using monoOptions --debugger-agent=transport=dt_socket,embedding=1,server=y,suspend=n,address=127.0.0.1:56940
Begin MonoManager ReloadAssembly
Registering precompiled unity dll's ...
Register platform support module: D:/Program Files/Unity 2021.3.11f1/Editor/Data/PlaybackEngines/WindowsStandaloneSupport/UnityEditor.WindowsStandalone.Extensions.dll
Registered in 0.000812 seconds.
Native extension for WindowsStandalone target not found
Refreshing native plugins compatible for Editor in 34.03 ms, found 2 plugins.
Preloading 0 native plugins for Editor in 0.00 ms.
Mono: successfully reloaded assembly
- Completed reload, in  0.372 seconds
Domain Reload Profiling:
	ReloadAssembly (373ms)
		BeginReloadAssembly (58ms)
			ExecutionOrderSort (0ms)
			DisableScriptedObjects (0ms)
			BackupInstance (0ms)
			ReleaseScriptingObjects (0ms)
			CreateAndSetChildDomain (0ms)
		EndReloadAssembly (255ms)
			LoadAssemblies (57ms)
			RebuildTransferFunctionScriptingTraits (0ms)
			SetupTypeCache (72ms)
			ReleaseScriptCaches (0ms)
			RebuildScriptCaches (19ms)
			SetupLoadedEditorAssemblies (135ms)
				LogAssemblyErrors (0ms)
				InitializePlatformSupportModulesInManaged (4ms)
				SetLoadedEditorAssemblies (0ms)
				RefreshPlugins (34ms)
				BeforeProcessingInitializeOnLoad (1ms)
				ProcessInitializeOnLoadAttributes (72ms)
				ProcessInitializeOnLoadMethodAttributes (24ms)
				AfterProcessingInitializeOnLoad (0ms)
				EditorAssembliesLoaded (0ms)
			ExecutionOrderSort2 (0ms)
			AwakeInstancesAfterBackupRestoration (0ms)
Platform modules already initialized, skipping
Registering precompiled user dll's ...
Registered in 0.001666 seconds.
Begin MonoManager ReloadAssembly
Native extension for WindowsStandalone target not found
Refreshing native plugins compatible for Editor in 36.92 ms, found 2 plugins.
Preloading 0 native plugins for Editor in 0.00 ms.
Package Manager log level set to [2]
Mono: successfully reloaded assembly
- Completed reload, in  0.720 seconds
Domain Reload Profiling:
	ReloadAssembly (720ms)
		BeginReloadAssembly (60ms)
			ExecutionOrderSort (0ms)
			DisableScriptedObjects (3ms)
			BackupInstance (0ms)
			ReleaseScriptingObjects (0ms)
			CreateAndSetChildDomain (12ms)
		EndReloadAssembly (604ms)
			LoadAssemblies (45ms)
			RebuildTransferFunctionScriptingTraits (0ms)
			SetupTypeCache (175ms)
			ReleaseScriptCaches (0ms)
			RebuildScriptCaches (33ms)
			SetupLoadedEditorAssemblies (323ms)
				LogAssemblyErrors (0ms)
				InitializePlatformSupportModulesInManaged (2ms)
				SetLoadedEditorAssemblies (0ms)
				RefreshPlugins (37ms)
				BeforeProcessingInitializeOnLoad (47ms)
				ProcessInitializeOnLoadAttributes (140ms)
				ProcessInitializeOnLoadMethodAttributes (95ms)
				AfterProcessingInitializeOnLoad (1ms)
				EditorAssembliesLoaded (0ms)
			ExecutionOrderSort2 (0ms)
			AwakeInstancesAfterBackupRestoration (3ms)
Platform modules already initialized, skipping
========================================================================
Worker process is ready to serve import requests
Launched and connected shader compiler UnityShaderCompiler.exe after 0.03 seconds
Refreshing native plugins compatible for Editor in 0.59 ms, found 2 plugins.
Preloading 0 native plugins for Editor in 0.00 ms.
Unloading 4268 Unused Serialized files (Serialized files now loaded: 0)
Unloading 70 unused Assets / (0.7 MB). Loaded Objects now: 4704.
Memory consumption went from 183.5 MB to 182.8 MB.
Total: 3.923500 ms (FindLiveObjects: 0.172500 ms CreateObjectMapping: 0.052400 ms MarkObjects: 3.478000 ms  DeleteObjects: 0.219500 ms)

AssetImportParameters requested are different than current active one (requested -> active):
  custom:video-decoder-ogg-theora: a1e56fd34408186e4bbccfd4996cb3dc -> 
  custom:container-muxer-webm: aa71ff27fc2769a1b78a27578f13a17b -> 
  custom:container-demuxer-webm: 4f35f7cbe854078d1ac9338744f61a02 -> 
  custom:video-encoder-webm-vp8: eb34c28f22e8b96e1ab97ce403110664 -> 
  custom:video-codec-MediaFoundation-h265: 746d11721c4dcdbdad8f713fa42b33f4 -> 
  custom:audio-encoder-webm-vorbis: bf7c407c2cedff20999df2af8eb42d56 -> 
  custom:framework-win-MediaFoundation: 216162199b28c13a410421893ffa2e32 -> 
  custom:container-demuxer-ogg: 62fdf1f143b41e24485cea50d1cbac27 -> 
  custom:video-decoder-webm-vp8: 9c59270c3fd7afecdb556c50c9e8de78 -> 
  custom:audio-decoder-ogg-vorbis: bf7c407c2cedff20999df2af8eb42d56 -> 
========================================================================
Received Import Request.
  Time since last request: 3850.670774 seconds.
  path: Assets/Models/DamagedHelmet
  artifactKey: Guid(a586d3835b62e7948ac1a7d4b8723b01) Importer(815301076,1909f56bfc062723c751e8b465ee728b)
Start importing Assets/Models/DamagedHelmet using Guid(a586d3835b62e7948ac1a7d4b8723b01) Importer(815301076,1909f56bfc062723c751e8b465ee728b)  -> (artifact id: '9b1579b74bbdf0145d65bc643ec5c891') in 0.006517 seconds 
========================================================================
Received Import Request.
  Time since last request: 3.448937 seconds.
  path: Assets/Resources/BillingMode.json
  artifactKey: Guid(5db759f02811c1f4a9853818b88d4322) Importer(815301076,1909f56bfc062723c751e8b465ee728b)
Start importing Assets/Resources/BillingMode.json using Guid(5db759f02811c1f4a9853818b88d4322) Importer(815301076,1909f56bfc062723c751e8b465ee728b)  -> (artifact id: '5c6bb83d647f9768dba31c8a76c0e490') in 0.019260 seconds 
========================================================================
Received Import Request.
  Time since last request: 4.728224 seconds.
  path: Assets/Tools/Editor
  artifactKey: Guid(4313a990232f3ad4d9832ae0ec0e1d09) Importer(815301076,1909f56bfc062723c751e8b465ee728b)
Start importing Assets/Tools/Editor using Guid(4313a990232f3ad4d9832ae0ec0e1d09) Importer(815301076,1909f56bfc062723c751e8b465ee728b)  -> (artifact id: 'b6e39d276e0cfa52fe4833b61079e4a2') in 0.004877 seconds 
========================================================================
Received Import Request.
  Time since last request: 9.409580 seconds.
  path: Assets/Textures
  artifactKey: Guid(57605f2ade854dc47b21b3cd43914738) Importer(815301076,1909f56bfc062723c751e8b465ee728b)
Start importing Assets/Textures using Guid(57605f2ade854dc47b21b3cd43914738) Importer(815301076,1909f56bfc062723c751e8b465ee728b)  -> (artifact id: '147b430a28b677bef3af0982228fda1b') in 0.004795 seconds 
========================================================================
Received Import Request.
  Time since last request: 7.395085 seconds.
  path: Assets/Textures/Matcap/Color/matcap.jpg
  artifactKey: Guid(a56d9c8a0df71ab4f9b218d4d49c8037) Importer(815301076,1909f56bfc062723c751e8b465ee728b)
Start importing Assets/Textures/Matcap/Color/matcap.jpg using Guid(a56d9c8a0df71ab4f9b218d4d49c8037) Importer(815301076,1909f56bfc062723c751e8b465ee728b)  -> (artifact id: 'e7de333e2b9d3e3d75d0e4a8537528b6') in 0.025806 seconds 
========================================================================
Received Import Request.
  Time since last request: 4.630954 seconds.
  path: Assets/Textures/Matcap/Color/matcap2.jpg
  artifactKey: Guid(ae849037f19499247861ad51a8e853dd) Importer(815301076,1909f56bfc062723c751e8b465ee728b)
Start importing Assets/Textures/Matcap/Color/matcap2.jpg using Guid(ae849037f19499247861ad51a8e853dd) Importer(815301076,1909f56bfc062723c751e8b465ee728b)  -> (artifact id: '9968420122dd9d9cd2eab12f8ab6ae17') in 0.010048 seconds 
========================================================================
Received Import Request.
  Time since last request: 1.736161 seconds.
  path: Assets/Textures/Matcap/Color
  artifactKey: Guid(aacc17e1aa2792243b7287b380466dd4) Importer(815301076,1909f56bfc062723c751e8b465ee728b)
Start importing Assets/Textures/Matcap/Color using Guid(aacc17e1aa2792243b7287b380466dd4) Importer(815301076,1909f56bfc062723c751e8b465ee728b)  -> (artifact id: 'a81504f3806e0a1c36d0c6cb477e0286') in 0.004477 seconds 
========================================================================
Received Import Request.
  Time since last request: 4.045519 seconds.
  path: Assets/Textures/Matcap/Metal
  artifactKey: Guid(25e09c8f23ce98a43be546eaeb8f3244) Importer(815301076,1909f56bfc062723c751e8b465ee728b)
Start importing Assets/Textures/Matcap/Metal using Guid(25e09c8f23ce98a43be546eaeb8f3244) Importer(815301076,1909f56bfc062723c751e8b465ee728b)  -> (artifact id: 'a403ab7b00b39b68ec4f5fb7d07d3fae') in 0.005636 seconds 
========================================================================
Received Import Request.
  Time since last request: 2.144277 seconds.
  path: Assets/Textures/Matcap
  artifactKey: Guid(ec8b58d6588d5a146b72e3ad3e2f2fb3) Importer(815301076,1909f56bfc062723c751e8b465ee728b)
Start importing Assets/Textures/Matcap using Guid(ec8b58d6588d5a146b72e3ad3e2f2fb3) Importer(815301076,1909f56bfc062723c751e8b465ee728b)  -> (artifact id: '75be83777114632de4678b64d4075602') in 0.005406 seconds 
========================================================================
Received Import Request.
  Time since last request: 2.923439 seconds.
  path: Assets/Shaders
  artifactKey: Guid(80367d705d3e353418b31091c49f8bc7) Importer(815301076,1909f56bfc062723c751e8b465ee728b)
Start importing Assets/Shaders using Guid(80367d705d3e353418b31091c49f8bc7) Importer(815301076,1909f56bfc062723c751e8b465ee728b)  -> (artifact id: '62956714791ac404c91fd2144ec58f43') in 0.008735 seconds 
========================================================================
Received Import Request.
  Time since last request: 13.198145 seconds.
  path: Assets/Models/Jan
  artifactKey: Guid(9acd0db82b6b1424396130f6665409a9) Importer(815301076,1909f56bfc062723c751e8b465ee728b)
Start importing Assets/Models/Jan using Guid(9acd0db82b6b1424396130f6665409a9) Importer(815301076,1909f56bfc062723c751e8b465ee728b)  -> (artifact id: '46c532c809c5439d8696c2c5bfd9162b') in 0.004491 seconds 
========================================================================
Received Prepare
Registering precompiled user dll's ...
Registered in 0.001497 seconds.
Begin MonoManager ReloadAssembly
Native extension for WindowsStandalone target not found
Refreshing native plugins compatible for Editor in 0.67 ms, found 2 plugins.
Preloading 0 native plugins for Editor in 0.00 ms.
Mono: successfully reloaded assembly
- Completed reload, in  0.656 seconds
Domain Reload Profiling:
	ReloadAssembly (656ms)
		BeginReloadAssembly (82ms)
			ExecutionOrderSort (0ms)
			DisableScriptedObjects (9ms)
			BackupInstance (0ms)
			ReleaseScriptingObjects (0ms)
			CreateAndSetChildDomain (27ms)
		EndReloadAssembly (525ms)
			LoadAssemblies (40ms)
			RebuildTransferFunctionScriptingTraits (0ms)
			SetupTypeCache (133ms)
			ReleaseScriptCaches (3ms)
			RebuildScriptCaches (38ms)
			SetupLoadedEditorAssemblies (274ms)
				LogAssemblyErrors (0ms)
				InitializePlatformSupportModulesInManaged (7ms)
				SetLoadedEditorAssemblies (0ms)
				RefreshPlugins (1ms)
				BeforeProcessingInitializeOnLoad (51ms)
				ProcessInitializeOnLoadAttributes (126ms)
				ProcessInitializeOnLoadMethodAttributes (89ms)
				AfterProcessingInitializeOnLoad (1ms)
				EditorAssembliesLoaded (0ms)
			ExecutionOrderSort2 (0ms)
			AwakeInstancesAfterBackupRestoration (11ms)
Platform modules already initialized, skipping
Refreshing native plugins compatible for Editor in 1.85 ms, found 2 plugins.
Preloading 0 native plugins for Editor in 0.00 ms.
Unloading 4083 Unused Serialized files (Serialized files now loaded: 0)
Unloading 59 unused Assets / (0.7 MB). Loaded Objects now: 4710.
Memory consumption went from 171.7 MB to 171.0 MB.
Total: 4.388000 ms (FindLiveObjects: 0.180000 ms CreateObjectMapping: 0.059300 ms MarkObjects: 3.893000 ms  DeleteObjects: 0.254700 ms)

AssetImportParameters requested are different than current active one (requested -> active):
  custom:video-decoder-ogg-theora: a1e56fd34408186e4bbccfd4996cb3dc -> 
  custom:container-muxer-webm: aa71ff27fc2769a1b78a27578f13a17b -> 
  custom:container-demuxer-webm: 4f35f7cbe854078d1ac9338744f61a02 -> 
  custom:video-encoder-webm-vp8: eb34c28f22e8b96e1ab97ce403110664 -> 
  custom:video-codec-MediaFoundation-h265: 746d11721c4dcdbdad8f713fa42b33f4 -> 
  custom:audio-encoder-webm-vorbis: bf7c407c2cedff20999df2af8eb42d56 -> 
  custom:framework-win-MediaFoundation: 216162199b28c13a410421893ffa2e32 -> 
  custom:container-demuxer-ogg: 62fdf1f143b41e24485cea50d1cbac27 -> 
  custom:video-decoder-webm-vp8: 9c59270c3fd7afecdb556c50c9e8de78 -> 
  custom:audio-decoder-ogg-vorbis: bf7c407c2cedff20999df2af8eb42d56 -> 
========================================================================
Received Prepare
Registering precompiled user dll's ...
Registered in 0.002158 seconds.
Begin MonoManager ReloadAssembly
Native extension for WindowsStandalone target not found
Refreshing native plugins compatible for Editor in 0.70 ms, found 3 plugins.
Preloading 0 native plugins for Editor in 0.00 ms.
Mono: successfully reloaded assembly
- Completed reload, in  0.657 seconds
Domain Reload Profiling:
	ReloadAssembly (658ms)
		BeginReloadAssembly (72ms)
			ExecutionOrderSort (0ms)
			DisableScriptedObjects (4ms)
			BackupInstance (0ms)
			ReleaseScriptingObjects (0ms)
			CreateAndSetChildDomain (23ms)
		EndReloadAssembly (541ms)
			LoadAssemblies (42ms)
			RebuildTransferFunctionScriptingTraits (0ms)
			SetupTypeCache (122ms)
			ReleaseScriptCaches (1ms)
			RebuildScriptCaches (33ms)
			SetupLoadedEditorAssemblies (296ms)
				LogAssemblyErrors (0ms)
				InitializePlatformSupportModulesInManaged (6ms)
				SetLoadedEditorAssemblies (0ms)
				RefreshPlugins (1ms)
				BeforeProcessingInitializeOnLoad (53ms)
				ProcessInitializeOnLoadAttributes (126ms)
				ProcessInitializeOnLoadMethodAttributes (107ms)
				AfterProcessingInitializeOnLoad (2ms)
				EditorAssembliesLoaded (0ms)
			ExecutionOrderSort2 (0ms)
			AwakeInstancesAfterBackupRestoration (16ms)
Platform modules already initialized, skipping
Refreshing native plugins compatible for Editor in 3.89 ms, found 3 plugins.
Preloading 0 native plugins for Editor in 0.00 ms.
Unloading 4358 Unused Serialized files (Serialized files now loaded: 0)
Unloading 63 unused Assets / (0.7 MB). Loaded Objects now: 4956.
Memory consumption went from 179.9 MB to 179.2 MB.
Total: 6.259200 ms (FindLiveObjects: 0.296100 ms CreateObjectMapping: 0.096900 ms MarkObjects: 5.517200 ms  DeleteObjects: 0.348100 ms)

AssetImportParameters requested are different than current active one (requested -> active):
  custom:video-decoder-ogg-theora: a1e56fd34408186e4bbccfd4996cb3dc -> 
  custom:container-muxer-webm: aa71ff27fc2769a1b78a27578f13a17b -> 
  custom:container-demuxer-webm: 4f35f7cbe854078d1ac9338744f61a02 -> 
  custom:video-encoder-webm-vp8: eb34c28f22e8b96e1ab97ce403110664 -> 
  custom:video-codec-MediaFoundation-h265: 746d11721c4dcdbdad8f713fa42b33f4 -> 
  custom:audio-encoder-webm-vorbis: bf7c407c2cedff20999df2af8eb42d56 -> 
  custom:framework-win-MediaFoundation: 216162199b28c13a410421893ffa2e32 -> 
  custom:container-demuxer-ogg: 62fdf1f143b41e24485cea50d1cbac27 -> 
  custom:video-decoder-webm-vp8: 9c59270c3fd7afecdb556c50c9e8de78 -> 
  custom:audio-decoder-ogg-vorbis: bf7c407c2cedff20999df2af8eb42d56 -> 
========================================================================
Received Import Request.
  Time since last request: 1153.480659 seconds.
  path: Assets/SkyBox/AllSky_Night_MoonBurst Equirect.mat
  artifactKey: Guid(7e601cef825718847a46cf0e134275e6) Importer(815301076,1909f56bfc062723c751e8b465ee728b)
Start importing Assets/SkyBox/AllSky_Night_MoonBurst Equirect.mat using Guid(7e601cef825718847a46cf0e134275e6) Importer(815301076,1909f56bfc062723c751e8b465ee728b)  -> (artifact id: 'a0c7d6202ad4299f7e16c7c64030a17a') in 0.286592 seconds 
========================================================================
Received Import Request.
  Time since last request: 0.000028 seconds.
  path: Assets/SkyBox/FS003_Sunset Equirect.mat
  artifactKey: Guid(d9b2d7a12b6f0874280658702cb36ad9) Importer(815301076,1909f56bfc062723c751e8b465ee728b)
Start importing Assets/SkyBox/FS003_Sunset Equirect.mat using Guid(d9b2d7a12b6f0874280658702cb36ad9) Importer(815301076,1909f56bfc062723c751e8b465ee728b)  -> (artifact id: 'ccb8f7ffbab8ef8d1fc0ad3e2b814fdb') in 0.016779 seconds 
========================================================================
Received Import Request.
  Time since last request: 0.000030 seconds.
  path: Assets/SkyBox/FS003_Sunrise.mat
  artifactKey: Guid(f4a4b7606be46be4095b5d0e0cfe2bbf) Importer(815301076,1909f56bfc062723c751e8b465ee728b)
Start importing Assets/SkyBox/FS003_Sunrise.mat using Guid(f4a4b7606be46be4095b5d0e0cfe2bbf) Importer(815301076,1909f56bfc062723c751e8b465ee728b)  -> (artifact id: 'e036221c122f21c99d90af163c2775d2') in 0.019439 seconds 
========================================================================
Received Import Request.
  Time since last request: 0.000019 seconds.
  path: Assets/SkyBox/FS003_Day.mat
  artifactKey: Guid(2f680c8ee56c1c945bb3fcdaf0160dde) Importer(815301076,1909f56bfc062723c751e8b465ee728b)
Start importing Assets/SkyBox/FS003_Day.mat using Guid(2f680c8ee56c1c945bb3fcdaf0160dde) Importer(815301076,1909f56bfc062723c751e8b465ee728b)  -> (artifact id: '2da293c7ff5ae351063a02e43e11b933') in 0.015337 seconds 
========================================================================
Received Import Request.
  Time since last request: 0.000025 seconds.
  path: Assets/SkyBox/Epic_BlueSunset_EquiRect_flat.mat
  artifactKey: Guid(942c9aca3930bf3418480a78f63fa519) Importer(815301076,1909f56bfc062723c751e8b465ee728b)
Start importing Assets/SkyBox/Epic_BlueSunset_EquiRect_flat.mat using Guid(942c9aca3930bf3418480a78f63fa519) Importer(815301076,1909f56bfc062723c751e8b465ee728b)  -> (artifact id: 'f3885c0456240a6beb16792039a8a04b') in 0.034524 seconds 
Editor requested this worker to shutdown with reason: Scaling down because of idle timeout
AssetImportWorker is now disconnected from the server
Process exiting
Exiting without the bug reporter. Application will terminate with return code 0